[32m2021-11-09 14:37:47,554 INFO [org.apereo.cas.configuration.DefaultCasConfigurationPropertiesSourceLocator] - <Configuration directory [/etc/cas/config] is not a directory or cannot be found at the specific path>[m
[32m2021-11-09 14:37:47,568 INFO [org.springframework.cloud.bootstrap.config.PropertySourceBootstrapConfiguration] - <Located property source: CompositePropertySource [name='casCompositePropertySource', propertySources=[PropertiesPropertySource {name='embeddedYamlOverriddenProperties'}]]>[m
[32m2021-11-09 14:37:47,576 INFO [org.apereo.cas.web.CasWebApplicationServletInitializer] - <The following profiles are active: standalone>[m
[33m2021-11-09 14:37:51,532 WARN [org.apereo.cas.config.CasCoreTicketsConfiguration] - <Runtime memory is used as the persistence storage for retrieving and managing tickets. Tickets that are issued during runtime will be LOST when the web server is restarted. This MAY impact SSO functionality.>[m
[32m2021-11-09 14:37:51,535 INFO [org.apereo.cas.util.CoreTicketUtils] - <Ticket registry encryption/signing is turned off. This MAY NOT be safe in a clustered production environment. Consider using other choices to handle encryption, signing and verification of ticket registry tickets, and verify the chosen ticket registry does support this behavior.>[m
[32m2021-11-09 14:37:57,178 INFO [org.apereo.cas.config.CasConfigurationSupportUtilitiesConfiguration] - <CAS is configured to NOT watch configuration directory [/etc/cas/config]. Changes require manual reloads/restarts.>[m
[32m2021-11-09 14:38:03,473 INFO [org.apereo.cas.support.events.listener.CasConfigurationEventListener] - <Refreshing CAS configuration. Stand by...>[m
[32m2021-11-09 14:38:03,540 INFO [org.apereo.cas.services.CasServiceRegistryInitializerConfigurationEventListener] - <Refreshing CAS service registry configuration. Stand by...>[m
[33m2021-11-09 14:38:03,551 WARN [org.apereo.cas.config.CasCoreServicesConfiguration] - <Runtime memory is used as the persistence storage for retrieving and persisting service definitions. Changes that are made to service definitions during runtime WILL be LOST when the web server is restarted. Ideally for production, you need to choose a storage option (JDBC, etc) to store and track service definitions.>[m
[32m2021-11-09 14:38:03,567 INFO [org.apereo.cas.config.CasServiceRegistryInitializationConfiguration] - <Attempting to initialize the service registry [InMemoryServiceRegistry] from service definition resources found at [class path resource [services]]>[m
[33m2021-11-09 14:38:03,570 WARN [org.apereo.cas.services.ServiceRegistryInitializer] - <Service registry [InMemoryServiceRegistry] will be auto-initialized from JSON service definitions. This behavior is only useful for testing purposes and MAY NOT be appropriate for production. Consider turning off this behavior via the setting [cas.serviceRegistry.initFromJson=false] and explicitly register definitions in the services registry.>[m
[32m2021-11-09 14:38:03,883 INFO [org.apereo.cas.services.AbstractServicesManager] - <Loaded [2] service(s) from [InMemoryServiceRegistry].>[m
[32m2021-11-09 14:38:03,902 INFO [org.apereo.cas.services.AbstractServicesManager] - <Loaded [2] service(s) from [InMemoryServiceRegistry].>[m
[32m2021-11-09 14:38:03,903 INFO [org.apereo.cas.services.ServiceRegistryInitializer] - <Service registry [InMemoryServiceRegistry] contains [2] service definitions>[m
[33m2021-11-09 14:38:03,907 WARN [org.apereo.cas.services.ServiceRegistryInitializer] - <Service registry [InMemoryServiceRegistry] will be auto-initialized from JSON service definitions. This behavior is only useful for testing purposes and MAY NOT be appropriate for production. Consider turning off this behavior via the setting [cas.serviceRegistry.initFromJson=false] and explicitly register definitions in the services registry.>[m
[33m2021-11-09 14:38:03,909 WARN [org.apereo.cas.services.ServiceRegistryInitializer] - <Skipping [Apereo] JSON service definition as a matching service [Apereo] is found in the registry>[m
[33m2021-11-09 14:38:03,909 WARN [org.apereo.cas.services.ServiceRegistryInitializer] - <Skipping [HTTPS and IMAPS] JSON service definition as a matching service [HTTPS and IMAPS] is found in the registry>[m
[32m2021-11-09 14:38:03,910 INFO [org.apereo.cas.services.AbstractServicesManager] - <Loaded [2] service(s) from [InMemoryServiceRegistry].>[m
[32m2021-11-09 14:38:03,910 INFO [org.apereo.cas.services.ServiceRegistryInitializer] - <Service registry [InMemoryServiceRegistry] contains [2] service definitions>[m
[33m2021-11-09 14:38:05,248 WARN [org.apereo.cas.util.cipher.BaseStringCipherExecutor] - <Secret key for encryption is not defined for [Ticket-granting Cookie]; CAS will attempt to auto-generate the encryption key>[m
[33m2021-11-09 14:38:05,257 WARN [org.apereo.cas.util.cipher.BaseStringCipherExecutor] - <Generated encryption key [ddbJUlgxvO2RpTh4yZVDE5icJYLu8w1npQju-3ZdspA] of size [256] for [Ticket-granting Cookie]. The generated key MUST be added to CAS settings under setting [cas.tgc.crypto.encryption.key].>[m
[33m2021-11-09 14:38:05,261 WARN [org.apereo.cas.util.cipher.BaseStringCipherExecutor] - <Secret key for signing is not defined for [Ticket-granting Cookie]. CAS will attempt to auto-generate the signing key>[m
[33m2021-11-09 14:38:05,262 WARN [org.apereo.cas.util.cipher.BaseStringCipherExecutor] - <Generated signing key [rB9SwobE-TnYtNZDWqTZMWNG16pVWRbmDfZwO_agb-ESxJ2RfOq4pOmUy2ownBj-ds3_wgfTwTkjPzKq4U_4GQ] of size [512] for [Ticket-granting Cookie]. The generated key MUST be added to CAS settings under setting [cas.tgc.crypto.signing.key].>[m
[33m2021-11-09 14:38:05,781 WARN [org.apereo.cas.util.cipher.BaseBinaryCipherExecutor] - <Secret key for signing is not defined under [cas.webflow.crypto.signing.key]. CAS will attempt to auto-generate the signing key>[m
[33m2021-11-09 14:38:05,781 WARN [org.apereo.cas.util.cipher.BaseBinaryCipherExecutor] - <Generated signing key [FnZJBx4-575qlVzp64QGnV16Gfi0dxB2Ylxn7TP7sFdni6KtfGSGAPCbZleoD2RZmgTHTvm2pFCC9eFwNFc90A] of size [512]. The generated key MUST be added to CAS settings under setting [cas.webflow.crypto.signing.key].>[m
[33m2021-11-09 14:38:05,782 WARN [org.apereo.cas.util.cipher.BaseBinaryCipherExecutor] - <Secret key for encryption is not defined under [cas.webflow.crypto.encryption.key]. CAS will attempt to auto-generate the encryption key>[m
[33m2021-11-09 14:38:05,785 WARN [org.apereo.cas.util.cipher.BaseBinaryCipherExecutor] - <Generated encryption key [fMi0Cm020KsLkDQc93BxNw] of size [16]. The generated key MUST be added to CAS settings under setting [cas.webflow.crypto.encryption.key].>[m
[32m2021-11-09 14:38:05,922 INFO [org.apereo.cas.support.events.listener.DefaultCasEventListener] - <[36m>[m
[32m2021-11-09 14:38:05,922 INFO [org.apereo.cas.support.events.listener.DefaultCasEventListener] - <


  ____  _____    _    ______   __
 |  _ \| ____|  / \  |  _ \ \ / /
 | |_) |  _|   / _ \ | | | \ V / 
 |  _ <| |___ / ___ \| |_| || |  
 |_| \_\_____/_/   \_\____/ |_|  
                                 
>[m
[32m2021-11-09 14:38:05,922 INFO [org.apereo.cas.support.events.listener.DefaultCasEventListener] - <[0m>[m
[32m2021-11-09 14:38:05,922 INFO [org.apereo.cas.support.events.listener.DefaultCasEventListener] - <Ready to process requests @ [2021-11-09T06:38:05.921Z]>[m
[32m2021-11-09 14:38:05,924 INFO [org.apereo.cas.web.CasWebApplicationServletInitializer] - <Started CasWebApplicationServletInitializer in 22.218 seconds (JVM running for 32.89)>[m
[32m2021-11-09 14:38:25,915 INFO [org.apereo.cas.services.AbstractServicesManager] - <Loaded [2] service(s) from [InMemoryServiceRegistry].>[m
[32m2021-11-09 14:38:35,949 INFO [org.apereo.cas.ticket.registry.DefaultTicketRegistryCleaner] - <[0] expired tickets removed.>[m
[32m2021-11-09 14:39:25,920 INFO [org.apereo.cas.services.AbstractServicesManager] - <Loaded [2] service(s) from [InMemoryServiceRegistry].>[m
[32m2021-11-09 14:40:25,926 INFO [org.apereo.cas.services.AbstractServicesManager] - <Loaded [2] service(s) from [InMemoryServiceRegistry].>[m
[32m2021-11-09 14:40:35,956 INFO [org.apereo.cas.ticket.registry.DefaultTicketRegistryCleaner] - <[0] expired tickets removed.>[m
[32m2021-11-09 14:40:46,565 INFO [org.apereo.cas.web.flow.login.InitialFlowSetupAction] - <Setting path for cookies for warn cookie generator to: [/cas/] >[m
[32m2021-11-09 14:40:46,565 INFO [org.apereo.cas.web.flow.login.InitialFlowSetupAction] - <Setting path for cookies for warn cookie generator to: [/cas/] >[m
[32m2021-11-09 14:40:46,610 INFO [org.apereo.inspektr.audit.support.Slf4jLoggingAuditTrailManager] - <Audit trail record BEGIN
=============================================================
WHO: audit:unknown
WHAT: [event=success,timestamp=Tue Nov 09 14:40:46 CST 2021,source=RankedAuthenticationProviderWebflowEventResolver]
ACTION: AUTHENTICATION_EVENT_TRIGGERED
APPLICATION: CAS
WHEN: Tue Nov 09 14:40:46 CST 2021
CLIENT IP ADDRESS: 127.0.0.1
SERVER IP ADDRESS: 127.0.0.1
=============================================================

>[m
[32m2021-11-09 14:40:46,610 INFO [org.apereo.inspektr.audit.support.Slf4jLoggingAuditTrailManager] - <Audit trail record BEGIN
=============================================================
WHO: audit:unknown
WHAT: [event=success,timestamp=Tue Nov 09 14:40:46 CST 2021,source=RankedAuthenticationProviderWebflowEventResolver]
ACTION: AUTHENTICATION_EVENT_TRIGGERED
APPLICATION: CAS
WHEN: Tue Nov 09 14:40:46 CST 2021
CLIENT IP ADDRESS: 127.0.0.1
SERVER IP ADDRESS: 127.0.0.1
=============================================================

>[m
[32m2021-11-09 14:41:10,064 INFO [org.apereo.cas.authentication.PolicyBasedAuthenticationManager] - <Authenticated principal [lewy] with attributes [{}] via credentials [[UsernamePasswordCredential(username=lewy)]].>[m
[32m2021-11-09 14:41:10,067 INFO [org.apereo.inspektr.audit.support.Slf4jLoggingAuditTrailManager] - <Audit trail record BEGIN
=============================================================
WHO: lewy
WHAT: Supplied credentials: [UsernamePasswordCredential(username=lewy)]
ACTION: AUTHENTICATION_SUCCESS
APPLICATION: CAS
WHEN: Tue Nov 09 14:41:10 CST 2021
CLIENT IP ADDRESS: 127.0.0.1
SERVER IP ADDRESS: 127.0.0.1
=============================================================

>[m
[32m2021-11-09 14:41:10,067 INFO [org.apereo.inspektr.audit.support.Slf4jLoggingAuditTrailManager] - <Audit trail record BEGIN
=============================================================
WHO: lewy
WHAT: Supplied credentials: [UsernamePasswordCredential(username=lewy)]
ACTION: AUTHENTICATION_SUCCESS
APPLICATION: CAS
WHEN: Tue Nov 09 14:41:10 CST 2021
CLIENT IP ADDRESS: 127.0.0.1
SERVER IP ADDRESS: 127.0.0.1
=============================================================

>[m
[32m2021-11-09 14:41:10,079 INFO [org.apereo.inspektr.audit.support.Slf4jLoggingAuditTrailManager] - <Audit trail record BEGIN
=============================================================
WHO: lewy
WHAT: [result=Service Access Granted,service=http://hanmy.com:8888/fd,principal=SimplePrincipal(id=lewy, attributes={}),requiredAttributes={}]
ACTION: SERVICE_ACCESS_ENFORCEMENT_TRIGGERED
APPLICATION: CAS
WHEN: Tue Nov 09 14:41:10 CST 2021
CLIENT IP ADDRESS: 127.0.0.1
SERVER IP ADDRESS: 127.0.0.1
=============================================================

>[m
[32m2021-11-09 14:41:10,079 INFO [org.apereo.inspektr.audit.support.Slf4jLoggingAuditTrailManager] - <Audit trail record BEGIN
=============================================================
WHO: lewy
WHAT: [result=Service Access Granted,service=http://hanmy.com:8888/fd,principal=SimplePrincipal(id=lewy, attributes={}),requiredAttributes={}]
ACTION: SERVICE_ACCESS_ENFORCEMENT_TRIGGERED
APPLICATION: CAS
WHEN: Tue Nov 09 14:41:10 CST 2021
CLIENT IP ADDRESS: 127.0.0.1
SERVER IP ADDRESS: 127.0.0.1
=============================================================

>[m
[32m2021-11-09 14:41:10,203 INFO [org.apereo.inspektr.audit.support.Slf4jLoggingAuditTrailManager] - <Audit trail record BEGIN
=============================================================
WHO: lewy
WHAT: [result=Service Access Granted,service=http://hanmy.com:8888/fd,principal=SimplePrincipal(id=lewy, attributes={}),requiredAttributes={}]
ACTION: SERVICE_ACCESS_ENFORCEMENT_TRIGGERED
APPLICATION: CAS
WHEN: Tue Nov 09 14:41:10 CST 2021
CLIENT IP ADDRESS: 127.0.0.1
SERVER IP ADDRESS: 127.0.0.1
=============================================================

>[m
[32m2021-11-09 14:41:10,203 INFO [org.apereo.inspektr.audit.support.Slf4jLoggingAuditTrailManager] - <Audit trail record BEGIN
=============================================================
WHO: lewy
WHAT: [result=Service Access Granted,service=http://hanmy.com:8888/fd,principal=SimplePrincipal(id=lewy, attributes={}),requiredAttributes={}]
ACTION: SERVICE_ACCESS_ENFORCEMENT_TRIGGERED
APPLICATION: CAS
WHEN: Tue Nov 09 14:41:10 CST 2021
CLIENT IP ADDRESS: 127.0.0.1
SERVER IP ADDRESS: 127.0.0.1
=============================================================

>[m
[32m2021-11-09 14:41:10,212 INFO [org.apereo.inspektr.audit.support.Slf4jLoggingAuditTrailManager] - <Audit trail record BEGIN
=============================================================
WHO: lewy
WHAT: TGT-1-********************************************************GeSrIk7ijGMnotrailforme
ACTION: TICKET_GRANTING_TICKET_CREATED
APPLICATION: CAS
WHEN: Tue Nov 09 14:41:10 CST 2021
CLIENT IP ADDRESS: 127.0.0.1
SERVER IP ADDRESS: 127.0.0.1
=============================================================

>[m
[32m2021-11-09 14:41:10,212 INFO [org.apereo.inspektr.audit.support.Slf4jLoggingAuditTrailManager] - <Audit trail record BEGIN
=============================================================
WHO: lewy
WHAT: TGT-1-********************************************************GeSrIk7ijGMnotrailforme
ACTION: TICKET_GRANTING_TICKET_CREATED
APPLICATION: CAS
WHEN: Tue Nov 09 14:41:10 CST 2021
CLIENT IP ADDRESS: 127.0.0.1
SERVER IP ADDRESS: 127.0.0.1
=============================================================

>[m
[32m2021-11-09 14:41:10,227 INFO [org.apereo.inspektr.audit.support.Slf4jLoggingAuditTrailManager] - <Audit trail record BEGIN
=============================================================
WHO: lewy
WHAT: [result=Service Access Granted,service=http://hanmy.com:8888/fd,requiredAttributes={}]
ACTION: SERVICE_ACCESS_ENFORCEMENT_TRIGGERED
APPLICATION: CAS
WHEN: Tue Nov 09 14:41:10 CST 2021
CLIENT IP ADDRESS: 127.0.0.1
SERVER IP ADDRESS: 127.0.0.1
=============================================================

>[m
[32m2021-11-09 14:41:10,227 INFO [org.apereo.inspektr.audit.support.Slf4jLoggingAuditTrailManager] - <Audit trail record BEGIN
=============================================================
WHO: lewy
WHAT: [result=Service Access Granted,service=http://hanmy.com:8888/fd,requiredAttributes={}]
ACTION: SERVICE_ACCESS_ENFORCEMENT_TRIGGERED
APPLICATION: CAS
WHEN: Tue Nov 09 14:41:10 CST 2021
CLIENT IP ADDRESS: 127.0.0.1
SERVER IP ADDRESS: 127.0.0.1
=============================================================

>[m
[32m2021-11-09 14:41:10,240 INFO [org.apereo.cas.DefaultCentralAuthenticationService] - <Granted ticket [ST-1-BRs-xTXX7UAl41t8fTPd3Yu4b-wnotrailforme] for service [http://hanmy.com:8888/fd] and principal [lewy]>[m
[32m2021-11-09 14:41:10,243 INFO [org.apereo.inspektr.audit.support.Slf4jLoggingAuditTrailManager] - <Audit trail record BEGIN
=============================================================
WHO: lewy
WHAT: ST-1-BRs-xTXX7UAl41t8fTPd3Yu4b-wnotrailforme for http://hanmy.com:8888/fd
ACTION: SERVICE_TICKET_CREATED
APPLICATION: CAS
WHEN: Tue Nov 09 14:41:10 CST 2021
CLIENT IP ADDRESS: 127.0.0.1
SERVER IP ADDRESS: 127.0.0.1
=============================================================

>[m
[32m2021-11-09 14:41:10,243 INFO [org.apereo.inspektr.audit.support.Slf4jLoggingAuditTrailManager] - <Audit trail record BEGIN
=============================================================
WHO: lewy
WHAT: ST-1-BRs-xTXX7UAl41t8fTPd3Yu4b-wnotrailforme for http://hanmy.com:8888/fd
ACTION: SERVICE_TICKET_CREATED
APPLICATION: CAS
WHEN: Tue Nov 09 14:41:10 CST 2021
CLIENT IP ADDRESS: 127.0.0.1
SERVER IP ADDRESS: 127.0.0.1
=============================================================

>[m
[32m2021-11-09 14:41:11,384 INFO [org.apereo.inspektr.audit.support.Slf4jLoggingAuditTrailManager] - <Audit trail record BEGIN
=============================================================
WHO: audit:unknown
WHAT: [result=Service Access Granted,service=http://hanmy.com:8888/fd,principal=SimplePrincipal(id=lewy, attributes={}),requiredAttributes={}]
ACTION: SERVICE_ACCESS_ENFORCEMENT_TRIGGERED
APPLICATION: CAS
WHEN: Tue Nov 09 14:41:11 CST 2021
CLIENT IP ADDRESS: 127.0.0.1
SERVER IP ADDRESS: 127.0.0.1
=============================================================

>[m
[32m2021-11-09 14:41:11,384 INFO [org.apereo.inspektr.audit.support.Slf4jLoggingAuditTrailManager] - <Audit trail record BEGIN
=============================================================
WHO: audit:unknown
WHAT: [result=Service Access Granted,service=http://hanmy.com:8888/fd,principal=SimplePrincipal(id=lewy, attributes={}),requiredAttributes={}]
ACTION: SERVICE_ACCESS_ENFORCEMENT_TRIGGERED
APPLICATION: CAS
WHEN: Tue Nov 09 14:41:11 CST 2021
CLIENT IP ADDRESS: 127.0.0.1
SERVER IP ADDRESS: 127.0.0.1
=============================================================

>[m
[32m2021-11-09 14:41:11,390 INFO [org.apereo.inspektr.audit.support.Slf4jLoggingAuditTrailManager] - <Audit trail record BEGIN
=============================================================
WHO: lewy
WHAT: ST-1-BRs-xTXX7UAl41t8fTPd3Yu4b-wnotrailforme for http://hanmy.com:8888/fd
ACTION: SERVICE_TICKET_VALIDATED
APPLICATION: CAS
WHEN: Tue Nov 09 14:41:11 CST 2021
CLIENT IP ADDRESS: 127.0.0.1
SERVER IP ADDRESS: 127.0.0.1
=============================================================

>[m
[32m2021-11-09 14:41:11,390 INFO [org.apereo.inspektr.audit.support.Slf4jLoggingAuditTrailManager] - <Audit trail record BEGIN
=============================================================
WHO: lewy
WHAT: ST-1-BRs-xTXX7UAl41t8fTPd3Yu4b-wnotrailforme for http://hanmy.com:8888/fd
ACTION: SERVICE_TICKET_VALIDATED
APPLICATION: CAS
WHEN: Tue Nov 09 14:41:11 CST 2021
CLIENT IP ADDRESS: 127.0.0.1
SERVER IP ADDRESS: 127.0.0.1
=============================================================

>[m
[32m2021-11-09 14:41:25,930 INFO [org.apereo.cas.services.AbstractServicesManager] - <Loaded [2] service(s) from [InMemoryServiceRegistry].>[m
[32m2021-11-09 14:41:44,450 INFO [org.apereo.cas.logout.DefaultLogoutManager] - <Performing logout operations for [TGT-1-********************************************************GeSrIk7ijGMnotrailforme]>[m
[32m2021-11-09 14:41:44,734 INFO [org.apereo.cas.logout.DefaultLogoutManager] - <[1] logout requests were processed>[m
[32m2021-11-09 14:41:44,738 INFO [org.apereo.inspektr.audit.support.Slf4jLoggingAuditTrailManager] - <Audit trail record BEGIN
=============================================================
WHO: lewy
WHAT: TGT-1-********************************************************GeSrIk7ijGMnotrailforme
ACTION: TICKET_GRANTING_TICKET_DESTROYED
APPLICATION: CAS
WHEN: Tue Nov 09 14:41:44 CST 2021
CLIENT IP ADDRESS: 127.0.0.1
SERVER IP ADDRESS: 127.0.0.1
=============================================================

>[m
[32m2021-11-09 14:41:44,738 INFO [org.apereo.inspektr.audit.support.Slf4jLoggingAuditTrailManager] - <Audit trail record BEGIN
=============================================================
WHO: lewy
WHAT: TGT-1-********************************************************GeSrIk7ijGMnotrailforme
ACTION: TICKET_GRANTING_TICKET_DESTROYED
APPLICATION: CAS
WHEN: Tue Nov 09 14:41:44 CST 2021
CLIENT IP ADDRESS: 127.0.0.1
SERVER IP ADDRESS: 127.0.0.1
=============================================================

>[m
[32m2021-11-09 14:41:49,231 INFO [org.apereo.inspektr.audit.support.Slf4jLoggingAuditTrailManager] - <Audit trail record BEGIN
=============================================================
WHO: audit:unknown
WHAT: [event=success,timestamp=Tue Nov 09 14:41:49 CST 2021,source=RankedAuthenticationProviderWebflowEventResolver]
ACTION: AUTHENTICATION_EVENT_TRIGGERED
APPLICATION: CAS
WHEN: Tue Nov 09 14:41:49 CST 2021
CLIENT IP ADDRESS: 127.0.0.1
SERVER IP ADDRESS: 127.0.0.1
=============================================================

>[m
[32m2021-11-09 14:41:49,231 INFO [org.apereo.inspektr.audit.support.Slf4jLoggingAuditTrailManager] - <Audit trail record BEGIN
=============================================================
WHO: audit:unknown
WHAT: [event=success,timestamp=Tue Nov 09 14:41:49 CST 2021,source=RankedAuthenticationProviderWebflowEventResolver]
ACTION: AUTHENTICATION_EVENT_TRIGGERED
APPLICATION: CAS
WHEN: Tue Nov 09 14:41:49 CST 2021
CLIENT IP ADDRESS: 127.0.0.1
SERVER IP ADDRESS: 127.0.0.1
=============================================================

>[m
[32m2021-11-09 14:42:25,932 INFO [org.apereo.cas.services.AbstractServicesManager] - <Loaded [2] service(s) from [InMemoryServiceRegistry].>[m
[32m2021-11-09 14:42:27,405 INFO [org.apereo.cas.authentication.PolicyBasedAuthenticationManager] - <Authenticated principal [lewy] with attributes [{}] via credentials [[UsernamePasswordCredential(username=lewy)]].>[m
[32m2021-11-09 14:42:27,406 INFO [org.apereo.inspektr.audit.support.Slf4jLoggingAuditTrailManager] - <Audit trail record BEGIN
=============================================================
WHO: lewy
WHAT: Supplied credentials: [UsernamePasswordCredential(username=lewy)]
ACTION: AUTHENTICATION_SUCCESS
APPLICATION: CAS
WHEN: Tue Nov 09 14:42:27 CST 2021
CLIENT IP ADDRESS: 127.0.0.1
SERVER IP ADDRESS: 127.0.0.1
=============================================================

>[m
[32m2021-11-09 14:42:27,406 INFO [org.apereo.inspektr.audit.support.Slf4jLoggingAuditTrailManager] - <Audit trail record BEGIN
=============================================================
WHO: lewy
WHAT: Supplied credentials: [UsernamePasswordCredential(username=lewy)]
ACTION: AUTHENTICATION_SUCCESS
APPLICATION: CAS
WHEN: Tue Nov 09 14:42:27 CST 2021
CLIENT IP ADDRESS: 127.0.0.1
SERVER IP ADDRESS: 127.0.0.1
=============================================================

>[m
[32m2021-11-09 14:42:27,411 INFO [org.apereo.inspektr.audit.support.Slf4jLoggingAuditTrailManager] - <Audit trail record BEGIN
=============================================================
WHO: lewy
WHAT: [result=Service Access Granted,service=http://hanmy.com:7777/crm,principal=SimplePrincipal(id=lewy, attributes={}),requiredAttributes={}]
ACTION: SERVICE_ACCESS_ENFORCEMENT_TRIGGERED
APPLICATION: CAS
WHEN: Tue Nov 09 14:42:27 CST 2021
CLIENT IP ADDRESS: 127.0.0.1
SERVER IP ADDRESS: 127.0.0.1
=============================================================

>[m
[32m2021-11-09 14:42:27,411 INFO [org.apereo.inspektr.audit.support.Slf4jLoggingAuditTrailManager] - <Audit trail record BEGIN
=============================================================
WHO: lewy
WHAT: [result=Service Access Granted,service=http://hanmy.com:7777/crm,principal=SimplePrincipal(id=lewy, attributes={}),requiredAttributes={}]
ACTION: SERVICE_ACCESS_ENFORCEMENT_TRIGGERED
APPLICATION: CAS
WHEN: Tue Nov 09 14:42:27 CST 2021
CLIENT IP ADDRESS: 127.0.0.1
SERVER IP ADDRESS: 127.0.0.1
=============================================================

>[m
[32m2021-11-09 14:42:27,418 INFO [org.apereo.inspektr.audit.support.Slf4jLoggingAuditTrailManager] - <Audit trail record BEGIN
=============================================================
WHO: lewy
WHAT: [result=Service Access Granted,service=http://hanmy.com:7777/crm,principal=SimplePrincipal(id=lewy, attributes={}),requiredAttributes={}]
ACTION: SERVICE_ACCESS_ENFORCEMENT_TRIGGERED
APPLICATION: CAS
WHEN: Tue Nov 09 14:42:27 CST 2021
CLIENT IP ADDRESS: 127.0.0.1
SERVER IP ADDRESS: 127.0.0.1
=============================================================

>[m
[32m2021-11-09 14:42:27,418 INFO [org.apereo.inspektr.audit.support.Slf4jLoggingAuditTrailManager] - <Audit trail record BEGIN
=============================================================
WHO: lewy
WHAT: [result=Service Access Granted,service=http://hanmy.com:7777/crm,principal=SimplePrincipal(id=lewy, attributes={}),requiredAttributes={}]
ACTION: SERVICE_ACCESS_ENFORCEMENT_TRIGGERED
APPLICATION: CAS
WHEN: Tue Nov 09 14:42:27 CST 2021
CLIENT IP ADDRESS: 127.0.0.1
SERVER IP ADDRESS: 127.0.0.1
=============================================================

>[m
[32m2021-11-09 14:42:27,420 INFO [org.apereo.inspektr.audit.support.Slf4jLoggingAuditTrailManager] - <Audit trail record BEGIN
=============================================================
WHO: lewy
WHAT: TGT-2-********************************************************6IctYTuSLQknotrailforme
ACTION: TICKET_GRANTING_TICKET_CREATED
APPLICATION: CAS
WHEN: Tue Nov 09 14:42:27 CST 2021
CLIENT IP ADDRESS: 127.0.0.1
SERVER IP ADDRESS: 127.0.0.1
=============================================================

>[m
[32m2021-11-09 14:42:27,420 INFO [org.apereo.inspektr.audit.support.Slf4jLoggingAuditTrailManager] - <Audit trail record BEGIN
=============================================================
WHO: lewy
WHAT: TGT-2-********************************************************6IctYTuSLQknotrailforme
ACTION: TICKET_GRANTING_TICKET_CREATED
APPLICATION: CAS
WHEN: Tue Nov 09 14:42:27 CST 2021
CLIENT IP ADDRESS: 127.0.0.1
SERVER IP ADDRESS: 127.0.0.1
=============================================================

>[m
[32m2021-11-09 14:42:27,428 INFO [org.apereo.inspektr.audit.support.Slf4jLoggingAuditTrailManager] - <Audit trail record BEGIN
=============================================================
WHO: lewy
WHAT: [result=Service Access Granted,service=http://hanmy.com:7777/crm,requiredAttributes={}]
ACTION: SERVICE_ACCESS_ENFORCEMENT_TRIGGERED
APPLICATION: CAS
WHEN: Tue Nov 09 14:42:27 CST 2021
CLIENT IP ADDRESS: 127.0.0.1
SERVER IP ADDRESS: 127.0.0.1
=============================================================

>[m
[32m2021-11-09 14:42:27,428 INFO [org.apereo.inspektr.audit.support.Slf4jLoggingAuditTrailManager] - <Audit trail record BEGIN
=============================================================
WHO: lewy
WHAT: [result=Service Access Granted,service=http://hanmy.com:7777/crm,requiredAttributes={}]
ACTION: SERVICE_ACCESS_ENFORCEMENT_TRIGGERED
APPLICATION: CAS
WHEN: Tue Nov 09 14:42:27 CST 2021
CLIENT IP ADDRESS: 127.0.0.1
SERVER IP ADDRESS: 127.0.0.1
=============================================================

>[m
[32m2021-11-09 14:42:27,430 INFO [org.apereo.cas.DefaultCentralAuthenticationService] - <Granted ticket [ST-2-EWmIhQVlEAtir9Oq0AzT-fl-8-Enotrailforme] for service [http://hanmy.com:7777/crm] and principal [lewy]>[m
[32m2021-11-09 14:42:27,431 INFO [org.apereo.inspektr.audit.support.Slf4jLoggingAuditTrailManager] - <Audit trail record BEGIN
=============================================================
WHO: lewy
WHAT: ST-2-EWmIhQVlEAtir9Oq0AzT-fl-8-Enotrailforme for http://hanmy.com:7777/crm
ACTION: SERVICE_TICKET_CREATED
APPLICATION: CAS
WHEN: Tue Nov 09 14:42:27 CST 2021
CLIENT IP ADDRESS: 127.0.0.1
SERVER IP ADDRESS: 127.0.0.1
=============================================================

>[m
[32m2021-11-09 14:42:27,431 INFO [org.apereo.inspektr.audit.support.Slf4jLoggingAuditTrailManager] - <Audit trail record BEGIN
=============================================================
WHO: lewy
WHAT: ST-2-EWmIhQVlEAtir9Oq0AzT-fl-8-Enotrailforme for http://hanmy.com:7777/crm
ACTION: SERVICE_TICKET_CREATED
APPLICATION: CAS
WHEN: Tue Nov 09 14:42:27 CST 2021
CLIENT IP ADDRESS: 127.0.0.1
SERVER IP ADDRESS: 127.0.0.1
=============================================================

>[m
[32m2021-11-09 14:42:27,719 INFO [org.apereo.inspektr.audit.support.Slf4jLoggingAuditTrailManager] - <Audit trail record BEGIN
=============================================================
WHO: audit:unknown
WHAT: [result=Service Access Granted,service=http://hanmy.com:7777/crm,principal=SimplePrincipal(id=lewy, attributes={}),requiredAttributes={}]
ACTION: SERVICE_ACCESS_ENFORCEMENT_TRIGGERED
APPLICATION: CAS
WHEN: Tue Nov 09 14:42:27 CST 2021
CLIENT IP ADDRESS: 127.0.0.1
SERVER IP ADDRESS: 127.0.0.1
=============================================================

>[m
[32m2021-11-09 14:42:27,719 INFO [org.apereo.inspektr.audit.support.Slf4jLoggingAuditTrailManager] - <Audit trail record BEGIN
=============================================================
WHO: audit:unknown
WHAT: [result=Service Access Granted,service=http://hanmy.com:7777/crm,principal=SimplePrincipal(id=lewy, attributes={}),requiredAttributes={}]
ACTION: SERVICE_ACCESS_ENFORCEMENT_TRIGGERED
APPLICATION: CAS
WHEN: Tue Nov 09 14:42:27 CST 2021
CLIENT IP ADDRESS: 127.0.0.1
SERVER IP ADDRESS: 127.0.0.1
=============================================================

>[m
[32m2021-11-09 14:42:27,720 INFO [org.apereo.inspektr.audit.support.Slf4jLoggingAuditTrailManager] - <Audit trail record BEGIN
=============================================================
WHO: lewy
WHAT: ST-2-EWmIhQVlEAtir9Oq0AzT-fl-8-Enotrailforme for http://hanmy.com:7777/crm
ACTION: SERVICE_TICKET_VALIDATED
APPLICATION: CAS
WHEN: Tue Nov 09 14:42:27 CST 2021
CLIENT IP ADDRESS: 127.0.0.1
SERVER IP ADDRESS: 127.0.0.1
=============================================================

>[m
[32m2021-11-09 14:42:27,720 INFO [org.apereo.inspektr.audit.support.Slf4jLoggingAuditTrailManager] - <Audit trail record BEGIN
=============================================================
WHO: lewy
WHAT: ST-2-EWmIhQVlEAtir9Oq0AzT-fl-8-Enotrailforme for http://hanmy.com:7777/crm
ACTION: SERVICE_TICKET_VALIDATED
APPLICATION: CAS
WHEN: Tue Nov 09 14:42:27 CST 2021
CLIENT IP ADDRESS: 127.0.0.1
SERVER IP ADDRESS: 127.0.0.1
=============================================================

>[m
[32m2021-11-09 14:42:35,959 INFO [org.apereo.cas.ticket.registry.DefaultTicketRegistryCleaner] - <[0] expired tickets removed.>[m
[32m2021-11-09 14:43:25,930 INFO [org.apereo.cas.services.AbstractServicesManager] - <Loaded [2] service(s) from [InMemoryServiceRegistry].>[m
[32m2021-11-09 14:44:04,067 INFO [org.apereo.inspektr.audit.support.Slf4jLoggingAuditTrailManager] - <Audit trail record BEGIN
=============================================================
WHO: audit:unknown
WHAT: [result=Service Access Granted,service=http://hanmy.com:9999/hr,principal=SimplePrincipal(id=lewy, attributes={}),requiredAttributes={}]
ACTION: SERVICE_ACCESS_ENFORCEMENT_TRIGGERED
APPLICATION: CAS
WHEN: Tue Nov 09 14:44:04 CST 2021
CLIENT IP ADDRESS: 127.0.0.1
SERVER IP ADDRESS: 127.0.0.1
=============================================================

>[m
[32m2021-11-09 14:44:04,067 INFO [org.apereo.inspektr.audit.support.Slf4jLoggingAuditTrailManager] - <Audit trail record BEGIN
=============================================================
WHO: audit:unknown
WHAT: [result=Service Access Granted,service=http://hanmy.com:9999/hr,principal=SimplePrincipal(id=lewy, attributes={}),requiredAttributes={}]
ACTION: SERVICE_ACCESS_ENFORCEMENT_TRIGGERED
APPLICATION: CAS
WHEN: Tue Nov 09 14:44:04 CST 2021
CLIENT IP ADDRESS: 127.0.0.1
SERVER IP ADDRESS: 127.0.0.1
=============================================================

>[m
[32m2021-11-09 14:44:04,070 INFO [org.apereo.inspektr.audit.support.Slf4jLoggingAuditTrailManager] - <Audit trail record BEGIN
=============================================================
WHO: audit:unknown
WHAT: [event=success,timestamp=Tue Nov 09 14:44:04 CST 2021,source=InitialAuthenticationAttemptWebflowEventResolver]
ACTION: AUTHENTICATION_EVENT_TRIGGERED
APPLICATION: CAS
WHEN: Tue Nov 09 14:44:04 CST 2021
CLIENT IP ADDRESS: 127.0.0.1
SERVER IP ADDRESS: 127.0.0.1
=============================================================

>[m
[32m2021-11-09 14:44:04,070 INFO [org.apereo.inspektr.audit.support.Slf4jLoggingAuditTrailManager] - <Audit trail record BEGIN
=============================================================
WHO: audit:unknown
WHAT: [event=success,timestamp=Tue Nov 09 14:44:04 CST 2021,source=InitialAuthenticationAttemptWebflowEventResolver]
ACTION: AUTHENTICATION_EVENT_TRIGGERED
APPLICATION: CAS
WHEN: Tue Nov 09 14:44:04 CST 2021
CLIENT IP ADDRESS: 127.0.0.1
SERVER IP ADDRESS: 127.0.0.1
=============================================================

>[m
[32m2021-11-09 14:44:04,074 INFO [org.apereo.inspektr.audit.support.Slf4jLoggingAuditTrailManager] - <Audit trail record BEGIN
=============================================================
WHO: audit:unknown
WHAT: [result=Service Access Granted,service=http://hanmy.com:9999/hr,requiredAttributes={}]
ACTION: SERVICE_ACCESS_ENFORCEMENT_TRIGGERED
APPLICATION: CAS
WHEN: Tue Nov 09 14:44:04 CST 2021
CLIENT IP ADDRESS: 127.0.0.1
SERVER IP ADDRESS: 127.0.0.1
=============================================================

>[m
[32m2021-11-09 14:44:04,074 INFO [org.apereo.inspektr.audit.support.Slf4jLoggingAuditTrailManager] - <Audit trail record BEGIN
=============================================================
WHO: audit:unknown
WHAT: [result=Service Access Granted,service=http://hanmy.com:9999/hr,requiredAttributes={}]
ACTION: SERVICE_ACCESS_ENFORCEMENT_TRIGGERED
APPLICATION: CAS
WHEN: Tue Nov 09 14:44:04 CST 2021
CLIENT IP ADDRESS: 127.0.0.1
SERVER IP ADDRESS: 127.0.0.1
=============================================================

>[m
[32m2021-11-09 14:44:04,076 INFO [org.apereo.cas.DefaultCentralAuthenticationService] - <Granted ticket [ST-3-n6zTY-9cxtU6rBES4e8l-AQjfDgnotrailforme] for service [http://hanmy.com:9999/hr] and principal [lewy]>[m
[32m2021-11-09 14:44:04,076 INFO [org.apereo.inspektr.audit.support.Slf4jLoggingAuditTrailManager] - <Audit trail record BEGIN
=============================================================
WHO: lewy
WHAT: ST-3-n6zTY-9cxtU6rBES4e8l-AQjfDgnotrailforme for http://hanmy.com:9999/hr
ACTION: SERVICE_TICKET_CREATED
APPLICATION: CAS
WHEN: Tue Nov 09 14:44:04 CST 2021
CLIENT IP ADDRESS: 127.0.0.1
SERVER IP ADDRESS: 127.0.0.1
=============================================================

>[m
[32m2021-11-09 14:44:04,076 INFO [org.apereo.inspektr.audit.support.Slf4jLoggingAuditTrailManager] - <Audit trail record BEGIN
=============================================================
WHO: lewy
WHAT: ST-3-n6zTY-9cxtU6rBES4e8l-AQjfDgnotrailforme for http://hanmy.com:9999/hr
ACTION: SERVICE_TICKET_CREATED
APPLICATION: CAS
WHEN: Tue Nov 09 14:44:04 CST 2021
CLIENT IP ADDRESS: 127.0.0.1
SERVER IP ADDRESS: 127.0.0.1
=============================================================

>[m
[32m2021-11-09 14:44:04,340 INFO [org.apereo.inspektr.audit.support.Slf4jLoggingAuditTrailManager] - <Audit trail record BEGIN
=============================================================
WHO: audit:unknown
WHAT: [result=Service Access Granted,service=http://hanmy.com:9999/hr,principal=SimplePrincipal(id=lewy, attributes={}),requiredAttributes={}]
ACTION: SERVICE_ACCESS_ENFORCEMENT_TRIGGERED
APPLICATION: CAS
WHEN: Tue Nov 09 14:44:04 CST 2021
CLIENT IP ADDRESS: 127.0.0.1
SERVER IP ADDRESS: 127.0.0.1
=============================================================

>[m
[32m2021-11-09 14:44:04,340 INFO [org.apereo.inspektr.audit.support.Slf4jLoggingAuditTrailManager] - <Audit trail record BEGIN
=============================================================
WHO: audit:unknown
WHAT: [result=Service Access Granted,service=http://hanmy.com:9999/hr,principal=SimplePrincipal(id=lewy, attributes={}),requiredAttributes={}]
ACTION: SERVICE_ACCESS_ENFORCEMENT_TRIGGERED
APPLICATION: CAS
WHEN: Tue Nov 09 14:44:04 CST 2021
CLIENT IP ADDRESS: 127.0.0.1
SERVER IP ADDRESS: 127.0.0.1
=============================================================

>[m
[32m2021-11-09 14:44:04,340 INFO [org.apereo.inspektr.audit.support.Slf4jLoggingAuditTrailManager] - <Audit trail record BEGIN
=============================================================
WHO: lewy
WHAT: ST-3-n6zTY-9cxtU6rBES4e8l-AQjfDgnotrailforme for http://hanmy.com:9999/hr
ACTION: SERVICE_TICKET_VALIDATED
APPLICATION: CAS
WHEN: Tue Nov 09 14:44:04 CST 2021
CLIENT IP ADDRESS: 127.0.0.1
SERVER IP ADDRESS: 127.0.0.1
=============================================================

>[m
[32m2021-11-09 14:44:04,340 INFO [org.apereo.inspektr.audit.support.Slf4jLoggingAuditTrailManager] - <Audit trail record BEGIN
=============================================================
WHO: lewy
WHAT: ST-3-n6zTY-9cxtU6rBES4e8l-AQjfDgnotrailforme for http://hanmy.com:9999/hr
ACTION: SERVICE_TICKET_VALIDATED
APPLICATION: CAS
WHEN: Tue Nov 09 14:44:04 CST 2021
CLIENT IP ADDRESS: 127.0.0.1
SERVER IP ADDRESS: 127.0.0.1
=============================================================

>[m
[32m2021-11-09 14:44:25,932 INFO [org.apereo.cas.services.AbstractServicesManager] - <Loaded [2] service(s) from [InMemoryServiceRegistry].>[m
[32m2021-11-09 14:44:35,957 INFO [org.apereo.cas.ticket.registry.DefaultTicketRegistryCleaner] - <[0] expired tickets removed.>[m
[32m2021-11-09 14:45:23,547 INFO [org.apereo.cas.logout.DefaultLogoutManager] - <Performing logout operations for [TGT-2-********************************************************6IctYTuSLQknotrailforme]>[m
[32m2021-11-09 14:45:23,550 INFO [org.apereo.cas.logout.DefaultLogoutManager] - <[2] logout requests were processed>[m
[32m2021-11-09 14:45:23,551 INFO [org.apereo.inspektr.audit.support.Slf4jLoggingAuditTrailManager] - <Audit trail record BEGIN
=============================================================
WHO: lewy
WHAT: TGT-2-********************************************************6IctYTuSLQknotrailforme
ACTION: TICKET_GRANTING_TICKET_DESTROYED
APPLICATION: CAS
WHEN: Tue Nov 09 14:45:23 CST 2021
CLIENT IP ADDRESS: 127.0.0.1
SERVER IP ADDRESS: 127.0.0.1
=============================================================

>[m
[32m2021-11-09 14:45:23,551 INFO [org.apereo.inspektr.audit.support.Slf4jLoggingAuditTrailManager] - <Audit trail record BEGIN
=============================================================
WHO: lewy
WHAT: TGT-2-********************************************************6IctYTuSLQknotrailforme
ACTION: TICKET_GRANTING_TICKET_DESTROYED
APPLICATION: CAS
WHEN: Tue Nov 09 14:45:23 CST 2021
CLIENT IP ADDRESS: 127.0.0.1
SERVER IP ADDRESS: 127.0.0.1
=============================================================

>[m
[32m2021-11-09 14:45:25,933 INFO [org.apereo.cas.services.AbstractServicesManager] - <Loaded [2] service(s) from [InMemoryServiceRegistry].>[m
[32m2021-11-09 14:46:25,937 INFO [org.apereo.cas.services.AbstractServicesManager] - <Loaded [2] service(s) from [InMemoryServiceRegistry].>[m
[32m2021-11-09 14:46:35,962 INFO [org.apereo.cas.ticket.registry.DefaultTicketRegistryCleaner] - <[0] expired tickets removed.>[m
[32m2021-11-09 14:47:25,940 INFO [org.apereo.cas.services.AbstractServicesManager] - <Loaded [2] service(s) from [InMemoryServiceRegistry].>[m
[32m2021-11-09 14:48:25,947 INFO [org.apereo.cas.services.AbstractServicesManager] - <Loaded [2] service(s) from [InMemoryServiceRegistry].>[m
[32m2021-11-09 14:48:35,962 INFO [org.apereo.cas.ticket.registry.DefaultTicketRegistryCleaner] - <[0] expired tickets removed.>[m
[32m2021-11-09 14:49:25,951 INFO [org.apereo.cas.services.AbstractServicesManager] - <Loaded [2] service(s) from [InMemoryServiceRegistry].>[m
